[INFO] Scanning for projects...
[INFO] 
[INFO] -----------------< com.campus-buddy:academic-service >------------------
[INFO] Building academic-service 0.0.1-SNAPSHOT
[INFO]   from pom.xml
[INFO] --------------------------------[ jar ]---------------------------------
[INFO] 
[INFO] >>> spring-boot:4.0.2:run (default-cli) > test-compile @ academic-service >>>
[INFO] 
[INFO] --- resources:3.3.1:resources (default-resources) @ academic-service ---
[INFO] Copying 1 resource from src/main/resources to target/classes
[INFO] Copying 0 resource from src/main/resources to target/classes
[INFO] 
[INFO] --- compiler:3.14.1:compile (default-compile) @ academic-service ---
[INFO] Nothing to compile - all classes are up to date.
[INFO] 
[INFO] --- resources:3.3.1:testResources (default-testResources) @ academic-service ---
[INFO] skip non existing resourceDirectory /Users/parth/Desktop/campus-buddy/backend/academic-service/src/test/resources
[INFO] 
[INFO] --- compiler:3.14.1:testCompile (default-testCompile) @ academic-service ---
[INFO] Nothing to compile - all classes are up to date.
[INFO] 
[INFO] <<< spring-boot:4.0.2:run (default-cli) < test-compile @ academic-service <<<
[INFO] 
[INFO] 
[INFO] --- spring-boot:4.0.2:run (default-cli) @ academic-service ---
[INFO] Attaching agents: []

  .   ____          _            __ _ _
 /\\ / ___'_ __ _ _(_)_ __  __ _ \ \ \ \
( ( )\___ | '_ | '_| | '_ \/ _` | \ \ \ \
 \\/  ___)| |_)| | | | | || (_| |  ) ) ) )
  '  |____| .__|_| |_|_| |_\__, | / / / /
 =========|_|==============|___/=/_/_/_/

 :: Spring Boot ::                (v4.0.2)

2026-03-04T23:59:34.789+05:30  INFO 44067 --- [academic-service] [           main] c.c.a.AcademicServiceApplication         : Starting AcademicServiceApplication using Java 23.0.2 with PID 44067 (/Users/parth/Desktop/campus-buddy/backend/academic-service/target/classes started by parth in /Users/parth/Desktop/campus-buddy/backend/academic-service)
2026-03-04T23:59:34.795+05:30  INFO 44067 --- [academic-service] [           main] c.c.a.AcademicServiceApplication         : No active profile set, falling back to 1 default profile: "default"
2026-03-04T23:59:35.337+05:30  INFO 44067 --- [academic-service] [           main] .s.d.r.c.RepositoryConfigurationDelegate : Bootstrapping Spring Data JPA repositories in DEFAULT mode.
2026-03-04T23:59:35.396+05:30  INFO 44067 --- [academic-service] [           main] .s.d.r.c.RepositoryConfigurationDelegate : Finished Spring Data repository scanning in 53 ms. Found 3 JPA repository interfaces.
2026-03-04T23:59:35.876+05:30  INFO 44067 --- [academic-service] [           main] o.s.boot.tomcat.TomcatWebServer          : Tomcat initialized with port 8082 (http)
2026-03-04T23:59:35.885+05:30  INFO 44067 --- [academic-service] [           main] o.apache.catalina.core.StandardService   : Starting service [Tomcat]
2026-03-04T23:59:35.885+05:30  INFO 44067 --- [academic-service] [           main] o.apache.catalina.core.StandardEngine    : Starting Servlet engine: [Apache Tomcat/11.0.15]
2026-03-04T23:59:35.918+05:30  INFO 44067 --- [academic-service] [           main] b.w.c.s.WebApplicationContextInitializer : Root WebApplicationContext: initialization completed in 1059 ms
2026-03-04T23:59:36.024+05:30  INFO 44067 --- [academic-service] [           main] org.hibernate.orm.jpa                    : HHH008540: Processing PersistenceUnitInfo [name: default]
2026-03-04T23:59:36.058+05:30  INFO 44067 --- [academic-service] [           main] org.hibernate.orm.core                   : HHH000001: Hibernate ORM core version 7.2.1.Final
2026-03-04T23:59:36.306+05:30  INFO 44067 --- [academic-service] [           main] o.s.o.j.p.SpringPersistenceUnitInfo      : No LoadTimeWeaver setup: ignoring JPA class transformer
2026-03-04T23:59:36.324+05:30  INFO 44067 --- [academic-service] [           main] com.zaxxer.hikari.HikariDataSource       : HikariPool-1 - Starting...
2026-03-04T23:59:36.403+05:30  INFO 44067 --- [academic-service] [           main] com.zaxxer.hikari.pool.HikariPool        : HikariPool-1 - Added connection org.postgresql.jdbc.PgConnection@3ccfac29
2026-03-04T23:59:36.403+05:30  INFO 44067 --- [academic-service] [           main] com.zaxxer.hikari.HikariDataSource       : HikariPool-1 - Start completed.
2026-03-04T23:59:36.424+05:30  WARN 44067 --- [academic-service] [           main] org.hibernate.orm.deprecation            : HHH90000025: PostgreSQLDialect does not need to be specified explicitly using 'hibernate.dialect' (remove the property setting and it will be selected by default)
2026-03-04T23:59:36.440+05:30  INFO 44067 --- [academic-service] [           main] org.hibernate.orm.connections.pooling    : HHH10001005: Database info:
	Database JDBC URL [jdbc:postgresql://localhost:5432/campus_buddy_academic]
	Database driver: PostgreSQL JDBC Driver
	Database dialect: PostgreSQLDialect
	Database version: 14.17
	Default catalog/schema: campus_buddy_academic/public
	Autocommit mode: undefined/unknown
	Isolation level: READ_COMMITTED [default READ_COMMITTED]
	JDBC fetch size: none
	Pool: DataSourceConnectionProvider
	Minimum pool size: undefined/unknown
	Maximum pool size: undefined/unknown
2026-03-04T23:59:37.010+05:30  INFO 44067 --- [academic-service] [           main] org.hibernate.orm.core                   : HHH000489: No JTA platform available (set 'hibernate.transaction.jta.platform' to enable JTA platform integration)
2026-03-04T23:59:37.085+05:30  INFO 44067 --- [academic-service] [           main] j.LocalContainerEntityManagerFactoryBean : Initialized JPA EntityManagerFactory for persistence unit 'default'
2026-03-04T23:59:37.137+05:30  INFO 44067 --- [academic-service] [           main] o.s.d.j.r.query.QueryEnhancerFactories   : Hibernate is in classpath; If applicable, HQL parser will be used.
2026-03-04T23:59:37.272+05:30  WARN 44067 --- [academic-service] [           main] JpaBaseConfiguration$JpaWebConfiguration : spring.jpa.open-in-view is enabled by default. Therefore, database queries may be performed during view rendering. Explicitly configure spring.jpa.open-in-view to disable this warning
2026-03-04T23:59:37.313+05:30  WARN 44067 --- [academic-service] [           main] .s.a.UserDetailsServiceAutoConfiguration : 

Using generated security password: 9d0aae05-32c1-4157-9218-7ac3a6926962

This generated password is for development use only. Your security configuration must be updated before running your application in production.

2026-03-04T23:59:37.317+05:30  INFO 44067 --- [academic-service] [           main] r$InitializeUserDetailsManagerConfigurer : Global AuthenticationManager configured with UserDetailsService bean with name inMemoryUserDetailsManager
2026-03-04T23:59:37.520+05:30  INFO 44067 --- [academic-service] [           main] o.s.boot.tomcat.TomcatWebServer          : Tomcat started on port 8082 (http) with context path '/'
2026-03-04T23:59:37.523+05:30  INFO 44067 --- [academic-service] [           main] c.c.a.AcademicServiceApplication         : Started AcademicServiceApplication in 3.213 seconds (process running for 3.508)
2026-03-05T00:15:28.360+05:30  INFO 44067 --- [academic-service] [nio-8082-exec-2] o.a.c.c.C.[Tomcat].[localhost].[/]       : Initializing Spring DispatcherServlet 'dispatcherServlet'
2026-03-05T00:15:28.363+05:30  INFO 44067 --- [academic-service] [nio-8082-exec-2] o.s.web.servlet.DispatcherServlet        : Initializing Servlet 'dispatcherServlet'
2026-03-05T00:15:28.412+05:30  INFO 44067 --- [academic-service] [nio-8082-exec-2] o.s.web.servlet.DispatcherServlet        : Completed initialization in 48 ms
Hibernate: 
    select
        a1_0.id,
        a1_0.course_code,
        a1_0.lecture_date,
        a1_0.marked_at,
        a1_0.qr_session_id,
        a1_0.status,
        a1_0.student_email 
    from
        attendance a1_0 
    where
        a1_0.student_email=? 
    order by
        a1_0.lecture_date desc
Hibernate: 
    select
        t1_0.id,
        t1_0.course_code,
        t1_0.course_name,
        t1_0.day_of_week,
        t1_0.end_time,
        t1_0.faculty_email,
        t1_0.room_number,
        t1_0.start_time 
    from
        timetable t1_0 
    order by
        t1_0.day_of_week,
        t1_0.start_time
Hibernate: 
    select
        t1_0.id,
        t1_0.course_code,
        t1_0.course_name,
        t1_0.day_of_week,
        t1_0.end_time,
        t1_0.faculty_email,
        t1_0.room_number,
        t1_0.start_time 
    from
        timetable t1_0 
    order by
        t1_0.day_of_week,
        t1_0.start_time
Hibernate: 
    select
        a1_0.id,
        a1_0.course_code,
        a1_0.lecture_date,
        a1_0.marked_at,
        a1_0.qr_session_id,
        a1_0.status,
        a1_0.student_email 
    from
        attendance a1_0 
    where
        a1_0.student_email=? 
    order by
        a1_0.lecture_date desc
Hibernate: 
    select
        t1_0.id,
        t1_0.course_code,
        t1_0.course_name,
        t1_0.day_of_week,
        t1_0.end_time,
        t1_0.faculty_email,
        t1_0.room_number,
        t1_0.start_time 
    from
        timetable t1_0 
    order by
        t1_0.day_of_week,
        t1_0.start_time
Hibernate: 
    select
        a1_0.id,
        a1_0.course_code,
        a1_0.lecture_date,
        a1_0.marked_at,
        a1_0.qr_session_id,
        a1_0.status,
        a1_0.student_email 
    from
        attendance a1_0 
    where
        a1_0.student_email=? 
    order by
        a1_0.lecture_date desc
Hibernate: 
    select
        t1_0.id,
        t1_0.course_code,
        t1_0.course_name,
        t1_0.day_of_week,
        t1_0.end_time,
        t1_0.faculty_email,
        t1_0.room_number,
        t1_0.start_time 
    from
        timetable t1_0 
    order by
        t1_0.day_of_week,
        t1_0.start_time
Hibernate: 
    select
        a1_0.id,
        a1_0.course_code,
        a1_0.lecture_date,
        a1_0.marked_at,
        a1_0.qr_session_id,
        a1_0.status,
        a1_0.student_email 
    from
        attendance a1_0 
    where
        a1_0.student_email=? 
    order by
        a1_0.lecture_date desc
Hibernate: 
    select
        a1_0.id,
        a1_0.course_code,
        a1_0.lecture_date,
        a1_0.marked_at,
        a1_0.qr_session_id,
        a1_0.status,
        a1_0.student_email 
    from
        attendance a1_0 
    where
        a1_0.student_email=? 
    order by
        a1_0.lecture_date desc
Hibernate: 
    select
        t1_0.id,
        t1_0.course_code,
        t1_0.course_name,
        t1_0.day_of_week,
        t1_0.end_time,
        t1_0.faculty_email,
        t1_0.room_number,
        t1_0.start_time 
    from
        timetable t1_0 
    order by
        t1_0.day_of_week,
        t1_0.start_time
Hibernate: 
    select
        a1_0.id,
        a1_0.course_code,
        a1_0.lecture_date,
        a1_0.marked_at,
        a1_0.qr_session_id,
        a1_0.status,
        a1_0.student_email 
    from
        attendance a1_0 
    where
        a1_0.student_email=? 
    order by
        a1_0.lecture_date desc
Hibernate: 
    select
        t1_0.id,
        t1_0.course_code,
        t1_0.course_name,
        t1_0.day_of_week,
        t1_0.end_time,
        t1_0.faculty_email,
        t1_0.room_number,
        t1_0.start_time 
    from
        timetable t1_0 
    order by
        t1_0.day_of_week,
        t1_0.start_time
Hibernate: 
    select
        a1_0.id,
        a1_0.course_code,
        a1_0.lecture_date,
        a1_0.marked_at,
        a1_0.qr_session_id,
        a1_0.status,
        a1_0.student_email 
    from
        attendance a1_0 
    where
        a1_0.student_email=? 
    order by
        a1_0.lecture_date desc
Hibernate: 
    select
        t1_0.id,
        t1_0.course_code,
        t1_0.course_name,
        t1_0.day_of_week,
        t1_0.end_time,
        t1_0.faculty_email,
        t1_0.room_number,
        t1_0.start_time 
    from
        timetable t1_0 
    order by
        t1_0.day_of_week,
        t1_0.start_time
Hibernate: 
    select
        t1_0.id,
        t1_0.course_code,
        t1_0.course_name,
        t1_0.day_of_week,
        t1_0.end_time,
        t1_0.faculty_email,
        t1_0.room_number,
        t1_0.start_time 
    from
        timetable t1_0 
    order by
        t1_0.day_of_week,
        t1_0.start_time
Hibernate: 
    select
        a1_0.id,
        a1_0.course_code,
        a1_0.lecture_date,
        a1_0.marked_at,
        a1_0.qr_session_id,
        a1_0.status,
        a1_0.student_email 
    from
        attendance a1_0 
    where
        a1_0.student_email=? 
    order by
        a1_0.lecture_date desc
Hibernate: 
    select
        a1_0.id,
        a1_0.course_code,
        a1_0.lecture_date,
        a1_0.marked_at,
        a1_0.qr_session_id,
        a1_0.status,
        a1_0.student_email 
    from
        attendance a1_0 
    where
        a1_0.student_email=? 
    order by
        a1_0.lecture_date desc
Hibernate: 
    select
        t1_0.id,
        t1_0.course_code,
        t1_0.course_name,
        t1_0.day_of_week,
        t1_0.end_time,
        t1_0.faculty_email,
        t1_0.room_number,
        t1_0.start_time 
    from
        timetable t1_0 
    order by
        t1_0.day_of_week,
        t1_0.start_time
Hibernate: 
    select
        a1_0.id,
        a1_0.course_code,
        a1_0.lecture_date,
        a1_0.marked_at,
        a1_0.qr_session_id,
        a1_0.status,
        a1_0.student_email 
    from
        attendance a1_0 
    where
        a1_0.student_email=? 
    order by
        a1_0.lecture_date desc
Hibernate: 
    select
        t1_0.id,
        t1_0.course_code,
        t1_0.course_name,
        t1_0.day_of_week,
        t1_0.end_time,
        t1_0.faculty_email,
        t1_0.room_number,
        t1_0.start_time 
    from
        timetable t1_0 
    order by
        t1_0.day_of_week,
        t1_0.start_time
Hibernate: 
    select
        t1_0.id,
        t1_0.course_code,
        t1_0.course_name,
        t1_0.day_of_week,
        t1_0.end_time,
        t1_0.faculty_email,
        t1_0.room_number,
        t1_0.start_time 
    from
        timetable t1_0 
    order by
        t1_0.day_of_week,
        t1_0.start_time
Hibernate: 
    select
        a1_0.id,
        a1_0.course_code,
        a1_0.lecture_date,
        a1_0.marked_at,
        a1_0.qr_session_id,
        a1_0.status,
        a1_0.student_email 
    from
        attendance a1_0 
    where
        a1_0.student_email=? 
    order by
        a1_0.lecture_date desc
Hibernate: 
    select
        t1_0.id,
        t1_0.course_code,
        t1_0.course_name,
        t1_0.day_of_week,
        t1_0.end_time,
        t1_0.faculty_email,
        t1_0.room_number,
        t1_0.start_time 
    from
        timetable t1_0 
    order by
        t1_0.day_of_week,
        t1_0.start_time
Hibernate: 
    select
        a1_0.id,
        a1_0.course_code,
        a1_0.lecture_date,
        a1_0.marked_at,
        a1_0.qr_session_id,
        a1_0.status,
        a1_0.student_email 
    from
        attendance a1_0 
    where
        a1_0.student_email=? 
    order by
        a1_0.lecture_date desc
Hibernate: 
    select
        t1_0.id,
        t1_0.course_code,
        t1_0.course_name,
        t1_0.day_of_week,
        t1_0.end_time,
        t1_0.faculty_email,
        t1_0.room_number,
        t1_0.start_time 
    from
        timetable t1_0 
    order by
        t1_0.day_of_week,
        t1_0.start_time
Hibernate: 
    select
        a1_0.id,
        a1_0.course_code,
        a1_0.lecture_date,
        a1_0.marked_at,
        a1_0.qr_session_id,
        a1_0.status,
        a1_0.student_email 
    from
        attendance a1_0 
    where
        a1_0.student_email=? 
    order by
        a1_0.lecture_date desc
Hibernate: 
    select
        a1_0.id,
        a1_0.course_code,
        a1_0.lecture_date,
        a1_0.marked_at,
        a1_0.qr_session_id,
        a1_0.status,
        a1_0.student_email 
    from
        attendance a1_0 
    where
        a1_0.student_email=? 
    order by
        a1_0.lecture_date desc
Hibernate: 
    select
        t1_0.id,
        t1_0.course_code,
        t1_0.course_name,
        t1_0.day_of_week,
        t1_0.end_time,
        t1_0.faculty_email,
        t1_0.room_number,
        t1_0.start_time 
    from
        timetable t1_0 
    order by
        t1_0.day_of_week,
        t1_0.start_time
Hibernate: 
    select
        a1_0.id,
        a1_0.course_code,
        a1_0.lecture_date,
        a1_0.marked_at,
        a1_0.qr_session_id,
        a1_0.status,
        a1_0.student_email 
    from
        attendance a1_0 
    where
        a1_0.student_email=? 
    order by
        a1_0.lecture_date desc
Hibernate: 
    select
        a1_0.id,
        a1_0.course_code,
        a1_0.lecture_date,
        a1_0.marked_at,
        a1_0.qr_session_id,
        a1_0.status,
        a1_0.student_email 
    from
        attendance a1_0 
    where
        a1_0.student_email=? 
    order by
        a1_0.lecture_date desc
