[INFO] Scanning for projects...
[INFO] 
[INFO] ------------------< com.campus-buddy:campus-service >-------------------
[INFO] Building campus-service 0.0.1-SNAPSHOT
[INFO]   from pom.xml
[INFO] --------------------------------[ jar ]---------------------------------
[INFO] 
[INFO] --- resources:3.3.1:resources (default-resources) @ campus-service ---
[INFO] Copying 2 resources from src/main/resources to target/classes
[INFO] Copying 0 resource from src/main/resources to target/classes
[INFO] 
[INFO] --- compiler:3.14.1:compile (default-compile) @ campus-service ---
[INFO] Nothing to compile - all classes are up to date.
[INFO] 
[INFO] --- resources:3.3.1:testResources (default-testResources) @ campus-service ---
[INFO] skip non existing resourceDirectory /Users/parth/Desktop/campus-buddy/backend/campus-service/src/test/resources
[INFO] 
[INFO] --- compiler:3.14.1:testCompile (default-testCompile) @ campus-service ---
[INFO] Nothing to compile - all classes are up to date.
[INFO] 
[INFO] --- surefire:3.5.4:test (default-test) @ campus-service ---
[INFO] Tests are skipped.
[INFO] 
[INFO] --- jar:3.4.2:jar (default-jar) @ campus-service ---
[INFO] Building jar: /Users/parth/Desktop/campus-buddy/backend/campus-service/target/campus-service-0.0.1-SNAPSHOT.jar
[INFO] 
[INFO] --- spring-boot:4.0.2:repackage (repackage) @ campus-service ---
[INFO] Replacing main artifact /Users/parth/Desktop/campus-buddy/backend/campus-service/target/campus-service-0.0.1-SNAPSHOT.jar with repackaged archive, adding nested dependencies in BOOT-INF/.
[INFO] The original artifact has been renamed to /Users/parth/Desktop/campus-buddy/backend/campus-service/target/campus-service-0.0.1-SNAPSHOT.jar.original
[INFO] ------------------------------------------------------------------------
[INFO] BUILD SUCCESS
[INFO] ------------------------------------------------------------------------
[INFO] Total time:  1.650 s
[INFO] Finished at: 2026-02-13T02:23:58+05:30
[INFO] ------------------------------------------------------------------------
