[INFO] Scanning for projects...
[INFO] 
[INFO] ------------------< com.campus-buddy:campus-service >-------------------
[INFO] Building campus-service 0.0.1-SNAPSHOT
[INFO]   from pom.xml
[INFO] --------------------------------[ jar ]---------------------------------
[INFO] 
[INFO] >>> spring-boot:4.0.2:run (default-cli) > test-compile @ campus-service >>>
[INFO] 
[INFO] --- resources:3.3.1:resources (default-resources) @ campus-service ---
[INFO] Copying 1 resource from src/main/resources to target/classes
[INFO] Copying 0 resource from src/main/resources to target/classes
[INFO] 
[INFO] --- compiler:3.14.1:compile (default-compile) @ campus-service ---
[INFO] Recompiling the module because of changed source code.
[INFO] Compiling 17 source files with javac [debug parameters release 21] to target/classes
[INFO] /Users/parth/Desktop/campus-buddy/backend/campus-service/src/main/java/com/campus_buddy/campus_service/security/JwtAuthenticationFilter.java: /Users/parth/Desktop/campus-buddy/backend/campus-service/src/main/java/com/campus_buddy/campus_service/security/JwtAuthenticationFilter.java uses or overrides a deprecated API.
[INFO] /Users/parth/Desktop/campus-buddy/backend/campus-service/src/main/java/com/campus_buddy/campus_service/security/JwtAuthenticationFilter.java: Recompile with -Xlint:deprecation for details.
[INFO] 
[INFO] --- resources:3.3.1:testResources (default-testResources) @ campus-service ---
[INFO] skip non existing resourceDirectory /Users/parth/Desktop/campus-buddy/backend/campus-service/src/test/resources
[INFO] 
[INFO] --- compiler:3.14.1:testCompile (default-testCompile) @ campus-service ---
[INFO] Recompiling the module because of changed dependency.
[INFO] 
[INFO] <<< spring-boot:4.0.2:run (default-cli) < test-compile @ campus-service <<<
[INFO] 
[INFO] 
[INFO] --- spring-boot:4.0.2:run (default-cli) @ campus-service ---
[INFO] Attaching agents: []

  .   ____          _            __ _ _
 /\\ / ___'_ __ _ _(_)_ __  __ _ \ \ \ \
( ( )\___ | '_ | '_| | '_ \/ _` | \ \ \ \
 \\/  ___)| |_)| | | | | || (_| |  ) ) ) )
  '  |____| .__|_| |_|_| |_\__, | / / / /
 =========|_|==============|___/=/_/_/_/

 :: Spring Boot ::                (v4.0.2)

2026-03-04T23:44:36.844+05:30  INFO 39641 --- [campus-service] [           main] c.c.c.CampusServiceApplication           : Starting CampusServiceApplication using Java 23.0.2 with PID 39641 (/Users/parth/Desktop/campus-buddy/backend/campus-service/target/classes started by parth in /Users/parth/Desktop/campus-buddy/backend/campus-service)
2026-03-04T23:44:36.846+05:30  INFO 39641 --- [campus-service] [           main] c.c.c.CampusServiceApplication           : No active profile set, falling back to 1 default profile: "default"
2026-03-04T23:44:37.160+05:30  INFO 39641 --- [campus-service] [           main] .s.d.r.c.RepositoryConfigurationDelegate : Bootstrapping Spring Data JPA repositories in DEFAULT mode.
2026-03-04T23:44:37.189+05:30  INFO 39641 --- [campus-service] [           main] .s.d.r.c.RepositoryConfigurationDelegate : Finished Spring Data repository scanning in 25 ms. Found 3 JPA repository interfaces.
2026-03-04T23:44:37.427+05:30  INFO 39641 --- [campus-service] [           main] o.s.boot.tomcat.TomcatWebServer          : Tomcat initialized with port 8083 (http)
2026-03-04T23:44:37.434+05:30  INFO 39641 --- [campus-service] [           main] o.apache.catalina.core.StandardService   : Starting service [Tomcat]
2026-03-04T23:44:37.434+05:30  INFO 39641 --- [campus-service] [           main] o.apache.catalina.core.StandardEngine    : Starting Servlet engine: [Apache Tomcat/11.0.15]
2026-03-04T23:44:37.489+05:30  INFO 39641 --- [campus-service] [           main] b.w.c.s.WebApplicationContextInitializer : Root WebApplicationContext: initialization completed in 616 ms
2026-03-04T23:44:37.582+05:30  INFO 39641 --- [campus-service] [           main] org.hibernate.orm.jpa                    : HHH008540: Processing PersistenceUnitInfo [name: default]
2026-03-04T23:44:37.629+05:30  INFO 39641 --- [campus-service] [           main] org.hibernate.orm.core                   : HHH000001: Hibernate ORM core version 7.2.1.Final
2026-03-04T23:44:37.869+05:30  INFO 39641 --- [campus-service] [           main] o.s.o.j.p.SpringPersistenceUnitInfo      : No LoadTimeWeaver setup: ignoring JPA class transformer
2026-03-04T23:44:37.886+05:30  INFO 39641 --- [campus-service] [           main] com.zaxxer.hikari.HikariDataSource       : HikariPool-1 - Starting...
2026-03-04T23:44:37.979+05:30  INFO 39641 --- [campus-service] [           main] com.zaxxer.hikari.pool.HikariPool        : HikariPool-1 - Added connection conn0: url=jdbc:h2:mem:campusdb user=SA
2026-03-04T23:44:37.980+05:30  INFO 39641 --- [campus-service] [           main] com.zaxxer.hikari.HikariDataSource       : HikariPool-1 - Start completed.
2026-03-04T23:44:37.995+05:30  WARN 39641 --- [campus-service] [           main] org.hibernate.orm.core                   : HHH000511: The 2.4.240 version for [org.hibernate.dialect.PostgreSQLDialect] is no longer supported, hence certain features may not work properly.The minimum supported version is 13.0.0. Check the community dialects project for available legacy versions.
2026-03-04T23:44:37.998+05:30  WARN 39641 --- [campus-service] [           main] org.hibernate.orm.deprecation            : HHH90000025: PostgreSQLDialect does not need to be specified explicitly using 'hibernate.dialect' (remove the property setting and it will be selected by default)
2026-03-04T23:44:38.011+05:30  INFO 39641 --- [campus-service] [           main] org.hibernate.orm.connections.pooling    : HHH10001005: Database info:
	Database JDBC URL [jdbc:h2:mem:campusdb]
	Database driver: H2 JDBC Driver
	Database dialect: PostgreSQLDialect
	Database version: 2.4.240
	Default catalog/schema: CAMPUSDB/PUBLIC
	Autocommit mode: undefined/unknown
	Isolation level: READ_COMMITTED [default READ_COMMITTED]
	JDBC fetch size: 100
	Pool: DataSourceConnectionProvider
	Minimum pool size: undefined/unknown
	Maximum pool size: undefined/unknown
2026-03-04T23:44:38.743+05:30  INFO 39641 --- [campus-service] [           main] org.hibernate.orm.core                   : HHH000489: No JTA platform available (set 'hibernate.transaction.jta.platform' to enable JTA platform integration)
Hibernate: 
    create table facility (
        id bigint generated by default as identity,
        capacity integer,
        description varchar(255),
        name varchar(255),
        primary key (id)
    )
Hibernate: 
    create table facility_booking (
        id bigint generated by default as identity,
        club_name varchar(255),
        date date,
        end_time time(0),
        facility_id bigint,
        purpose varchar(255),
        start_time time(0),
        status varchar(255),
        user_email varchar(255),
        primary key (id)
    )
Hibernate: 
    create table notices (
        id bigint generated by default as identity,
        category varchar(255) not null check ((category in ('IMPORTANT','EVENT','GENERAL'))),
        content varchar(1000) not null,
        created_at timestamp(6),
        is_archived boolean not null,
        posted_by varchar(255) not null,
        priority varchar(255) not null check ((priority in ('HIGH','MEDIUM','LOW'))),
        title varchar(255) not null,
        primary key (id)
    )
2026-03-04T23:44:38.780+05:30  INFO 39641 --- [campus-service] [           main] j.LocalContainerEntityManagerFactoryBean : Initialized JPA EntityManagerFactory for persistence unit 'default'
2026-03-04T23:44:38.877+05:30  INFO 39641 --- [campus-service] [           main] o.s.d.j.r.query.QueryEnhancerFactories   : Hibernate is in classpath; If applicable, HQL parser will be used.
2026-03-04T23:44:39.016+05:30  WARN 39641 --- [campus-service] [           main] JpaBaseConfiguration$JpaWebConfiguration : spring.jpa.open-in-view is enabled by default. Therefore, database queries may be performed during view rendering. Explicitly configure spring.jpa.open-in-view to disable this warning
2026-03-04T23:44:39.055+05:30  WARN 39641 --- [campus-service] [           main] .s.a.UserDetailsServiceAutoConfiguration : 

Using generated security password: f03d88a7-9c24-43ae-a874-65ab65c67764

This generated password is for development use only. Your security configuration must be updated before running your application in production.

2026-03-04T23:44:39.058+05:30  INFO 39641 --- [campus-service] [           main] r$InitializeUserDetailsManagerConfigurer : Global AuthenticationManager configured with UserDetailsService bean with name inMemoryUserDetailsManager
2026-03-04T23:44:39.274+05:30  INFO 39641 --- [campus-service] [           main] o.s.boot.tomcat.TomcatWebServer          : Tomcat started on port 8083 (http) with context path '/'
2026-03-04T23:44:39.278+05:30  INFO 39641 --- [campus-service] [           main] c.c.c.CampusServiceApplication           : Started CampusServiceApplication in 5.451 seconds (process running for 5.795)
Hibernate: 
    select
        count(*) 
    from
        facility f1_0
Hibernate: 
    insert 
    into
        facility
        (capacity, description, name) 
    values
        (?, ?, ?)
Hibernate: 
    insert 
    into
        facility
        (capacity, description, name) 
    values
        (?, ?, ?)
Hibernate: 
    insert 
    into
        facility
        (capacity, description, name) 
    values
        (?, ?, ?)
Hibernate: 
    insert 
    into
        facility
        (capacity, description, name) 
    values
        (?, ?, ?)
Facility database seeded!
