[INFO] Scanning for projects...
[INFO] 
[INFO] -------------------< com.campus-buddy:auth-service >--------------------
[INFO] Building auth-service 0.0.1-SNAPSHOT
[INFO]   from pom.xml
[INFO] --------------------------------[ jar ]---------------------------------
[INFO] 
[INFO] >>> spring-boot:4.0.2:run (default-cli) > test-compile @ auth-service >>>
[INFO] 
[INFO] --- resources:3.3.1:resources (default-resources) @ auth-service ---
[INFO] Copying 1 resource from src/main/resources to target/classes
[INFO] Copying 0 resource from src/main/resources to target/classes
[INFO] 
[INFO] --- compiler:3.14.1:compile (default-compile) @ auth-service ---
[INFO] Nothing to compile - all classes are up to date.
[INFO] 
[INFO] --- resources:3.3.1:testResources (default-testResources) @ auth-service ---
[INFO] skip non existing resourceDirectory /Users/parth/Desktop/campus-buddy/backend/auth-service/src/test/resources
[INFO] 
[INFO] --- compiler:3.14.1:testCompile (default-testCompile) @ auth-service ---
[INFO] No sources to compile
[INFO] 
[INFO] <<< spring-boot:4.0.2:run (default-cli) < test-compile @ auth-service <<<
[INFO] 
[INFO] 
[INFO] --- spring-boot:4.0.2:run (default-cli) @ auth-service ---
[INFO] Attaching agents: []

  .   ____          _            __ _ _
 /\\ / ___'_ __ _ _(_)_ __  __ _ \ \ \ \
( ( )\___ | '_ | '_| | '_ \/ _` | \ \ \ \
 \\/  ___)| |_)| | | | | || (_| |  ) ) ) )
  '  |____| .__|_| |_|_| |_\__, | / / / /
 =========|_|==============|___/=/_/_/_/

 :: Spring Boot ::                (v4.0.2)

2026-03-04T23:59:34.081+05:30  INFO 44065 --- [auth-service] [           main] c.c.auth_service.AuthServiceApplication  : Starting AuthServiceApplication using Java 23.0.2 with PID 44065 (/Users/parth/Desktop/campus-buddy/backend/auth-service/target/classes started by parth in /Users/parth/Desktop/campus-buddy/backend/auth-service)
2026-03-04T23:59:34.083+05:30  INFO 44065 --- [auth-service] [           main] c.c.auth_service.AuthServiceApplication  : No active profile set, falling back to 1 default profile: "default"
2026-03-04T23:59:34.777+05:30  INFO 44065 --- [auth-service] [           main] .s.d.r.c.RepositoryConfigurationDelegate : Bootstrapping Spring Data JPA repositories in DEFAULT mode.
2026-03-04T23:59:34.820+05:30  INFO 44065 --- [auth-service] [           main] .s.d.r.c.RepositoryConfigurationDelegate : Finished Spring Data repository scanning in 35 ms. Found 1 JPA repository interface.
2026-03-04T23:59:35.197+05:30  INFO 44065 --- [auth-service] [           main] o.s.boot.tomcat.TomcatWebServer          : Tomcat initialized with port 8081 (http)
2026-03-04T23:59:35.208+05:30  INFO 44065 --- [auth-service] [           main] o.apache.catalina.core.StandardService   : Starting service [Tomcat]
2026-03-04T23:59:35.208+05:30  INFO 44065 --- [auth-service] [           main] o.apache.catalina.core.StandardEngine    : Starting Servlet engine: [Apache Tomcat/11.0.15]
2026-03-04T23:59:35.244+05:30  INFO 44065 --- [auth-service] [           main] b.w.c.s.WebApplicationContextInitializer : Root WebApplicationContext: initialization completed in 1097 ms
2026-03-04T23:59:35.332+05:30  INFO 44065 --- [auth-service] [           main] org.hibernate.orm.jpa                    : HHH008540: Processing PersistenceUnitInfo [name: default]
2026-03-04T23:59:35.380+05:30  INFO 44065 --- [auth-service] [           main] org.hibernate.orm.core                   : HHH000001: Hibernate ORM core version 7.2.1.Final
2026-03-04T23:59:35.764+05:30  INFO 44065 --- [auth-service] [           main] o.s.o.j.p.SpringPersistenceUnitInfo      : No LoadTimeWeaver setup: ignoring JPA class transformer
2026-03-04T23:59:35.798+05:30  INFO 44065 --- [auth-service] [           main] com.zaxxer.hikari.HikariDataSource       : HikariPool-1 - Starting...
2026-03-04T23:59:35.921+05:30  INFO 44065 --- [auth-service] [           main] com.zaxxer.hikari.pool.HikariPool        : HikariPool-1 - Added connection org.postgresql.jdbc.PgConnection@37c87fcc
2026-03-04T23:59:35.921+05:30  INFO 44065 --- [auth-service] [           main] com.zaxxer.hikari.HikariDataSource       : HikariPool-1 - Start completed.
2026-03-04T23:59:35.987+05:30  WARN 44065 --- [auth-service] [           main] org.hibernate.orm.deprecation            : HHH90000025: PostgreSQLDialect does not need to be specified explicitly using 'hibernate.dialect' (remove the property setting and it will be selected by default)
2026-03-04T23:59:36.013+05:30  INFO 44065 --- [auth-service] [           main] org.hibernate.orm.connections.pooling    : HHH10001005: Database info:
	Database JDBC URL [jdbc:postgresql://localhost:5432/campus_buddy_auth]
	Database driver: PostgreSQL JDBC Driver
	Database dialect: PostgreSQLDialect
	Database version: 14.17
	Default catalog/schema: campus_buddy_auth/public
	Autocommit mode: undefined/unknown
	Isolation level: READ_COMMITTED [default READ_COMMITTED]
	JDBC fetch size: none
	Pool: DataSourceConnectionProvider
	Minimum pool size: undefined/unknown
	Maximum pool size: undefined/unknown
2026-03-04T23:59:36.697+05:30  INFO 44065 --- [auth-service] [           main] org.hibernate.orm.core                   : HHH000489: No JTA platform available (set 'hibernate.transaction.jta.platform' to enable JTA platform integration)
2026-03-04T23:59:36.816+05:30  INFO 44065 --- [auth-service] [           main] j.LocalContainerEntityManagerFactoryBean : Initialized JPA EntityManagerFactory for persistence unit 'default'
2026-03-04T23:59:36.860+05:30  INFO 44065 --- [auth-service] [           main] o.s.d.j.r.query.QueryEnhancerFactories   : Hibernate is in classpath; If applicable, HQL parser will be used.
2026-03-04T23:59:37.044+05:30  WARN 44065 --- [auth-service] [           main] JpaBaseConfiguration$JpaWebConfiguration : spring.jpa.open-in-view is enabled by default. Therefore, database queries may be performed during view rendering. Explicitly configure spring.jpa.open-in-view to disable this warning
2026-03-04T23:59:37.097+05:30  WARN 44065 --- [auth-service] [           main] .s.a.UserDetailsServiceAutoConfiguration : 

Using generated security password: 70f7ca84-8196-459a-be8a-54116a6adf88

This generated password is for development use only. Your security configuration must be updated before running your application in production.

2026-03-04T23:59:37.101+05:30  INFO 44065 --- [auth-service] [           main] r$InitializeUserDetailsManagerConfigurer : Global AuthenticationManager configured with UserDetailsService bean with name inMemoryUserDetailsManager
2026-03-04T23:59:37.340+05:30  INFO 44065 --- [auth-service] [           main] o.s.boot.tomcat.TomcatWebServer          : Tomcat started on port 8081 (http) with context path '/'
2026-03-04T23:59:37.343+05:30  INFO 44065 --- [auth-service] [           main] c.c.auth_service.AuthServiceApplication  : Started AuthServiceApplication in 3.613 seconds (process running for 3.968)
2026-03-04T23:59:43.240+05:30  INFO 44065 --- [auth-service] [nio-8081-exec-1] o.a.c.c.C.[Tomcat].[localhost].[/]       : Initializing Spring DispatcherServlet 'dispatcherServlet'
2026-03-04T23:59:43.241+05:30  INFO 44065 --- [auth-service] [nio-8081-exec-1] o.s.web.servlet.DispatcherServlet        : Initializing Servlet 'dispatcherServlet'
2026-03-04T23:59:43.247+05:30  INFO 44065 --- [auth-service] [nio-8081-exec-1] o.s.web.servlet.DispatcherServlet        : Completed initialization in 5 ms
Hibernate: 
    select
        u1_0.id,
        u1_0.created_at,
        u1_0.email,
        u1_0.password_hash,
        u1_0.role,
        u1_0.student_id,
        u1_0.updated_at 
    from
        users u1_0 
    where
        u1_0.email=?
2026-03-05T00:08:47.048+05:30  INFO 44065 --- [auth-service] [nio-8081-exec-3] c.c.a.security.JwtAuthenticationFilter   : Auth Service: Processing request for /
2026-03-05T00:08:47.051+05:30  WARN 44065 --- [auth-service] [nio-8081-exec-3] c.c.a.security.JwtAuthenticationFilter   : Auth Service: No valid Authorization header found
2026-03-05T00:13:22.259+05:30  INFO 44065 --- [auth-service] [nio-8081-exec-6] c.c.a.security.JwtAuthenticationFilter   : Auth Service: Processing request for /
2026-03-05T00:13:22.314+05:30  WARN 44065 --- [auth-service] [nio-8081-exec-6] c.c.a.security.JwtAuthenticationFilter   : Auth Service: No valid Authorization header found
Hibernate: 
    select
        u1_0.id,
        u1_0.created_at,
        u1_0.email,
        u1_0.password_hash,
        u1_0.role,
        u1_0.student_id,
        u1_0.updated_at 
    from
        users u1_0 
    where
        u1_0.email=?
Hibernate: 
    select
        u1_0.id,
        u1_0.created_at,
        u1_0.email,
        u1_0.password_hash,
        u1_0.role,
        u1_0.student_id,
        u1_0.updated_at 
    from
        users u1_0 
    where
        u1_0.email=?
Hibernate: 
    select
        u1_0.id,
        u1_0.created_at,
        u1_0.email,
        u1_0.password_hash,
        u1_0.role,
        u1_0.student_id,
        u1_0.updated_at 
    from
        users u1_0 
    where
        u1_0.email=?
2026-03-05T00:15:27.755+05:30  INFO 44065 --- [auth-service] [nio-8081-exec-2] c.c.a.security.JwtAuthenticationFilter   : Auth Service: Processing request for /auth/me
2026-03-05T00:15:27.825+05:30  INFO 44065 --- [auth-service] [nio-8081-exec-2] c.c.a.security.JwtAuthenticationFilter   : Auth Service: Extracted email: student@example.com
2026-03-05T00:15:27.826+05:30  INFO 44065 --- [auth-service] [nio-8081-exec-2] c.c.a.security.JwtAuthenticationFilter   : Auth Service: Token valid? true
Hibernate: 
    select
        u1_0.id,
        u1_0.created_at,
        u1_0.email,
        u1_0.password_hash,
        u1_0.role,
        u1_0.student_id,
        u1_0.updated_at 
    from
        users u1_0 
    where
        u1_0.email=?
2026-03-05T00:15:27.847+05:30  INFO 44065 --- [auth-service] [nio-8081-exec-3] c.c.a.security.JwtAuthenticationFilter   : Auth Service: Processing request for /auth/me
2026-03-05T00:15:27.848+05:30  INFO 44065 --- [auth-service] [nio-8081-exec-3] c.c.a.security.JwtAuthenticationFilter   : Auth Service: Extracted email: student@example.com
2026-03-05T00:15:27.849+05:30  INFO 44065 --- [auth-service] [nio-8081-exec-3] c.c.a.security.JwtAuthenticationFilter   : Auth Service: Token valid? true
Hibernate: 
    select
        u1_0.id,
        u1_0.created_at,
        u1_0.email,
        u1_0.password_hash,
        u1_0.role,
        u1_0.student_id,
        u1_0.updated_at 
    from
        users u1_0 
    where
        u1_0.email=?
Hibernate: 
    select
        u1_0.id,
        u1_0.created_at,
        u1_0.email,
        u1_0.password_hash,
        u1_0.role,
        u1_0.student_id,
        u1_0.updated_at 
    from
        users u1_0 
    where
        u1_0.email=?
Hibernate: 
    select
        u1_0.id,
        u1_0.created_at,
        u1_0.email,
        u1_0.password_hash,
        u1_0.role,
        u1_0.student_id,
        u1_0.updated_at 
    from
        users u1_0 
    where
        u1_0.email=?
2026-03-05T00:22:58.562+05:30  INFO 44065 --- [auth-service] [nio-8081-exec-8] c.c.a.security.JwtAuthenticationFilter   : Auth Service: Processing request for /auth/me
2026-03-05T00:22:58.563+05:30  INFO 44065 --- [auth-service] [nio-8081-exec-8] c.c.a.security.JwtAuthenticationFilter   : Auth Service: Extracted email: student@example.com
2026-03-05T00:22:58.564+05:30  INFO 44065 --- [auth-service] [nio-8081-exec-8] c.c.a.security.JwtAuthenticationFilter   : Auth Service: Token valid? true
Hibernate: 
    select
        u1_0.id,
        u1_0.created_at,
        u1_0.email,
        u1_0.password_hash,
        u1_0.role,
        u1_0.student_id,
        u1_0.updated_at 
    from
        users u1_0 
    where
        u1_0.email=?
2026-03-05T00:22:58.642+05:30  INFO 44065 --- [auth-service] [nio-8081-exec-7] c.c.a.security.JwtAuthenticationFilter   : Auth Service: Processing request for /auth/me
2026-03-05T00:22:58.643+05:30  INFO 44065 --- [auth-service] [nio-8081-exec-7] c.c.a.security.JwtAuthenticationFilter   : Auth Service: Extracted email: student@example.com
2026-03-05T00:22:58.644+05:30  INFO 44065 --- [auth-service] [nio-8081-exec-7] c.c.a.security.JwtAuthenticationFilter   : Auth Service: Token valid? true
Hibernate: 
    select
        u1_0.id,
        u1_0.created_at,
        u1_0.email,
        u1_0.password_hash,
        u1_0.role,
        u1_0.student_id,
        u1_0.updated_at 
    from
        users u1_0 
    where
        u1_0.email=?
Hibernate: 
    select
        u1_0.id,
        u1_0.created_at,
        u1_0.email,
        u1_0.password_hash,
        u1_0.role,
        u1_0.student_id,
        u1_0.updated_at 
    from
        users u1_0 
    where
        u1_0.email=?
Hibernate: 
    select
        u1_0.id,
        u1_0.created_at,
        u1_0.email,
        u1_0.password_hash,
        u1_0.role,
        u1_0.student_id,
        u1_0.updated_at 
    from
        users u1_0 
    where
        u1_0.email=?
2026-03-05T00:29:00.261+05:30  INFO 44065 --- [auth-service] [nio-8081-exec-2] c.c.a.security.JwtAuthenticationFilter   : Auth Service: Processing request for /auth/me
2026-03-05T00:29:00.268+05:30  INFO 44065 --- [auth-service] [nio-8081-exec-2] c.c.a.security.JwtAuthenticationFilter   : Auth Service: Extracted email: student@example.com
2026-03-05T00:29:00.271+05:30  INFO 44065 --- [auth-service] [nio-8081-exec-2] c.c.a.security.JwtAuthenticationFilter   : Auth Service: Token valid? true
Hibernate: 
    select
        u1_0.id,
        u1_0.created_at,
        u1_0.email,
        u1_0.password_hash,
        u1_0.role,
        u1_0.student_id,
        u1_0.updated_at 
    from
        users u1_0 
    where
        u1_0.email=?
2026-03-05T00:29:00.280+05:30  INFO 44065 --- [auth-service] [nio-8081-exec-3] c.c.a.security.JwtAuthenticationFilter   : Auth Service: Processing request for /auth/me
2026-03-05T00:29:00.281+05:30  INFO 44065 --- [auth-service] [nio-8081-exec-3] c.c.a.security.JwtAuthenticationFilter   : Auth Service: Extracted email: student@example.com
2026-03-05T00:29:00.283+05:30  INFO 44065 --- [auth-service] [nio-8081-exec-3] c.c.a.security.JwtAuthenticationFilter   : Auth Service: Token valid? true
Hibernate: 
    select
        u1_0.id,
        u1_0.created_at,
        u1_0.email,
        u1_0.password_hash,
        u1_0.role,
        u1_0.student_id,
        u1_0.updated_at 
    from
        users u1_0 
    where
        u1_0.email=?
Hibernate: 
    select
        u1_0.id,
        u1_0.created_at,
        u1_0.email,
        u1_0.password_hash,
        u1_0.role,
        u1_0.student_id,
        u1_0.updated_at 
    from
        users u1_0 
    where
        u1_0.email=?
Hibernate: 
    select
        u1_0.id,
        u1_0.created_at,
        u1_0.email,
        u1_0.password_hash,
        u1_0.role,
        u1_0.student_id,
        u1_0.updated_at 
    from
        users u1_0 
    where
        u1_0.email=?
Hibernate: 
    select
        u1_0.id,
        u1_0.created_at,
        u1_0.email,
        u1_0.password_hash,
        u1_0.role,
        u1_0.student_id,
        u1_0.updated_at 
    from
        users u1_0 
    where
        u1_0.email=?
2026-03-05T00:37:04.206+05:30  INFO 44065 --- [auth-service] [nio-8081-exec-7] c.c.a.security.JwtAuthenticationFilter   : Auth Service: Processing request for /auth/me
2026-03-05T00:37:04.208+05:30  INFO 44065 --- [auth-service] [nio-8081-exec-7] c.c.a.security.JwtAuthenticationFilter   : Auth Service: Extracted email: student@example.com
2026-03-05T00:37:04.208+05:30  INFO 44065 --- [auth-service] [nio-8081-exec-7] c.c.a.security.JwtAuthenticationFilter   : Auth Service: Token valid? true
Hibernate: 
    select
        u1_0.id,
        u1_0.created_at,
        u1_0.email,
        u1_0.password_hash,
        u1_0.role,
        u1_0.student_id,
        u1_0.updated_at 
    from
        users u1_0 
    where
        u1_0.email=?
2026-03-05T00:37:04.222+05:30  INFO 44065 --- [auth-service] [nio-8081-exec-9] c.c.a.security.JwtAuthenticationFilter   : Auth Service: Processing request for /auth/me
2026-03-05T00:37:04.222+05:30  INFO 44065 --- [auth-service] [nio-8081-exec-9] c.c.a.security.JwtAuthenticationFilter   : Auth Service: Extracted email: student@example.com
2026-03-05T00:37:04.224+05:30  INFO 44065 --- [auth-service] [nio-8081-exec-9] c.c.a.security.JwtAuthenticationFilter   : Auth Service: Token valid? true
Hibernate: 
    select
        u1_0.id,
        u1_0.created_at,
        u1_0.email,
        u1_0.password_hash,
        u1_0.role,
        u1_0.student_id,
        u1_0.updated_at 
    from
        users u1_0 
    where
        u1_0.email=?
2026-03-05T00:37:39.404+05:30  INFO 44065 --- [auth-service] [io-8081-exec-10] c.c.a.security.JwtAuthenticationFilter   : Auth Service: Processing request for /auth/me
2026-03-05T00:37:39.408+05:30  INFO 44065 --- [auth-service] [io-8081-exec-10] c.c.a.security.JwtAuthenticationFilter   : Auth Service: Extracted email: student@example.com
2026-03-05T00:37:39.410+05:30  INFO 44065 --- [auth-service] [io-8081-exec-10] c.c.a.security.JwtAuthenticationFilter   : Auth Service: Token valid? true
Hibernate: 
    select
        u1_0.id,
        u1_0.created_at,
        u1_0.email,
        u1_0.password_hash,
        u1_0.role,
        u1_0.student_id,
        u1_0.updated_at 
    from
        users u1_0 
    where
        u1_0.email=?
2026-03-05T00:37:39.451+05:30  INFO 44065 --- [auth-service] [nio-8081-exec-1] c.c.a.security.JwtAuthenticationFilter   : Auth Service: Processing request for /auth/me
2026-03-05T00:37:39.454+05:30  INFO 44065 --- [auth-service] [nio-8081-exec-1] c.c.a.security.JwtAuthenticationFilter   : Auth Service: Extracted email: student@example.com
2026-03-05T00:37:39.456+05:30  INFO 44065 --- [auth-service] [nio-8081-exec-1] c.c.a.security.JwtAuthenticationFilter   : Auth Service: Token valid? true
Hibernate: 
    select
        u1_0.id,
        u1_0.created_at,
        u1_0.email,
        u1_0.password_hash,
        u1_0.role,
        u1_0.student_id,
        u1_0.updated_at 
    from
        users u1_0 
    where
        u1_0.email=?
Hibernate: 
    select
        u1_0.id,
        u1_0.created_at,
        u1_0.email,
        u1_0.password_hash,
        u1_0.role,
        u1_0.student_id,
        u1_0.updated_at 
    from
        users u1_0 
    where
        u1_0.email=?
Hibernate: 
    select
        u1_0.id,
        u1_0.created_at,
        u1_0.email,
        u1_0.password_hash,
        u1_0.role,
        u1_0.student_id,
        u1_0.updated_at 
    from
        users u1_0 
    where
        u1_0.email=?
2026-03-05T00:40:14.611+05:30  INFO 44065 --- [auth-service] [nio-8081-exec-4] c.c.a.security.JwtAuthenticationFilter   : Auth Service: Processing request for /auth/me
2026-03-05T00:40:14.613+05:30  INFO 44065 --- [auth-service] [nio-8081-exec-4] c.c.a.security.JwtAuthenticationFilter   : Auth Service: Extracted email: student@example.com
2026-03-05T00:40:14.614+05:30  INFO 44065 --- [auth-service] [nio-8081-exec-4] c.c.a.security.JwtAuthenticationFilter   : Auth Service: Token valid? true
Hibernate: 
    select
        u1_0.id,
        u1_0.created_at,
        u1_0.email,
        u1_0.password_hash,
        u1_0.role,
        u1_0.student_id,
        u1_0.updated_at 
    from
        users u1_0 
    where
        u1_0.email=?
2026-03-05T00:40:14.624+05:30  INFO 44065 --- [auth-service] [nio-8081-exec-6] c.c.a.security.JwtAuthenticationFilter   : Auth Service: Processing request for /auth/me
2026-03-05T00:40:14.625+05:30  INFO 44065 --- [auth-service] [nio-8081-exec-6] c.c.a.security.JwtAuthenticationFilter   : Auth Service: Extracted email: student@example.com
2026-03-05T00:40:14.625+05:30  INFO 44065 --- [auth-service] [nio-8081-exec-6] c.c.a.security.JwtAuthenticationFilter   : Auth Service: Token valid? true
Hibernate: 
    select
        u1_0.id,
        u1_0.created_at,
        u1_0.email,
        u1_0.password_hash,
        u1_0.role,
        u1_0.student_id,
        u1_0.updated_at 
    from
        users u1_0 
    where
        u1_0.email=?
2026-03-05T00:44:41.920+05:30  INFO 44065 --- [auth-service] [nio-8081-exec-7] c.c.a.security.JwtAuthenticationFilter   : Auth Service: Processing request for /auth/me
2026-03-05T00:44:41.933+05:30  INFO 44065 --- [auth-service] [nio-8081-exec-7] c.c.a.security.JwtAuthenticationFilter   : Auth Service: Extracted email: student@example.com
2026-03-05T00:44:41.940+05:30  INFO 44065 --- [auth-service] [nio-8081-exec-7] c.c.a.security.JwtAuthenticationFilter   : Auth Service: Token valid? true
Hibernate: 
    select
        u1_0.id,
        u1_0.created_at,
        u1_0.email,
        u1_0.password_hash,
        u1_0.role,
        u1_0.student_id,
        u1_0.updated_at 
    from
        users u1_0 
    where
        u1_0.email=?
2026-03-05T00:44:42.138+05:30  INFO 44065 --- [auth-service] [nio-8081-exec-9] c.c.a.security.JwtAuthenticationFilter   : Auth Service: Processing request for /auth/me
2026-03-05T00:44:42.140+05:30  INFO 44065 --- [auth-service] [nio-8081-exec-9] c.c.a.security.JwtAuthenticationFilter   : Auth Service: Extracted email: student@example.com
2026-03-05T00:44:42.143+05:30  INFO 44065 --- [auth-service] [nio-8081-exec-9] c.c.a.security.JwtAuthenticationFilter   : Auth Service: Token valid? true
Hibernate: 
    select
        u1_0.id,
        u1_0.created_at,
        u1_0.email,
        u1_0.password_hash,
        u1_0.role,
        u1_0.student_id,
        u1_0.updated_at 
    from
        users u1_0 
    where
        u1_0.email=?
