[INFO] Scanning for projects...
[INFO] 
[INFO] --------------------< com.campus-buddy:bff-service >--------------------
[INFO] Building bff-service 0.0.1-SNAPSHOT
[INFO]   from pom.xml
[INFO] --------------------------------[ jar ]---------------------------------
[INFO] 
[INFO] >>> spring-boot:4.0.2:run (default-cli) > test-compile @ bff-service >>>
[INFO] 
[INFO] --- resources:3.3.1:resources (default-resources) @ bff-service ---
[INFO] Copying 1 resource from src/main/resources to target/classes
[INFO] Copying 0 resource from src/main/resources to target/classes
[INFO] 
[INFO] --- compiler:3.14.1:compile (default-compile) @ bff-service ---
[INFO] Recompiling the module because of changed source code.
[INFO] Compiling 11 source files with javac [debug parameters release 21] to target/classes
[INFO] /Users/parth/Desktop/campus-buddy/backend/bff-service/src/main/java/com/campus_buddy/bff_service/security/JwtAuthenticationFilter.java: /Users/parth/Desktop/campus-buddy/backend/bff-service/src/main/java/com/campus_buddy/bff_service/security/JwtAuthenticationFilter.java uses or overrides a deprecated API.
[INFO] /Users/parth/Desktop/campus-buddy/backend/bff-service/src/main/java/com/campus_buddy/bff_service/security/JwtAuthenticationFilter.java: Recompile with -Xlint:deprecation for details.
[INFO] 
[INFO] --- resources:3.3.1:testResources (default-testResources) @ bff-service ---
[INFO] skip non existing resourceDirectory /Users/parth/Desktop/campus-buddy/backend/bff-service/src/test/resources
[INFO] 
[INFO] --- compiler:3.14.1:testCompile (default-testCompile) @ bff-service ---
[INFO] Recompiling the module because of changed dependency.
[INFO] Compiling 1 source file with javac [debug parameters release 21] to target/test-classes
[INFO] 
[INFO] <<< spring-boot:4.0.2:run (default-cli) < test-compile @ bff-service <<<
[INFO] 
[INFO] 
[INFO] --- spring-boot:4.0.2:run (default-cli) @ bff-service ---
[INFO] Attaching agents: []

  .   ____          _            __ _ _
 /\\ / ___'_ __ _ _(_)_ __  __ _ \ \ \ \
( ( )\___ | '_ | '_| | '_ \/ _` | \ \ \ \
 \\/  ___)| |_)| | | | | || (_| |  ) ) ) )
  '  |____| .__|_| |_|_| |_\__, | / / / /
 =========|_|==============|___/=/_/_/_/

 :: Spring Boot ::                (v4.0.2)

2026-03-04T23:44:38.017+05:30  INFO 39804 --- [bff-service] [           main] c.c.bff_service.BffServiceApplication    : Starting BffServiceApplication using Java 23.0.2 with PID 39804 (/Users/parth/Desktop/campus-buddy/backend/bff-service/target/classes started by parth in /Users/parth/Desktop/campus-buddy/backend/bff-service)
2026-03-04T23:44:38.021+05:30 DEBUG 39804 --- [bff-service] [           main] c.c.bff_service.BffServiceApplication    : Running with Spring Boot v4.0.2, Spring v7.0.3
2026-03-04T23:44:38.022+05:30  INFO 39804 --- [bff-service] [           main] c.c.bff_service.BffServiceApplication    : No active profile set, falling back to 1 default profile: "default"
2026-03-04T23:44:38.546+05:30  INFO 39804 --- [bff-service] [           main] o.s.boot.tomcat.TomcatWebServer          : Tomcat initialized with port 8080 (http)
2026-03-04T23:44:38.556+05:30  INFO 39804 --- [bff-service] [           main] o.apache.catalina.core.StandardService   : Starting service [Tomcat]
2026-03-04T23:44:38.557+05:30  INFO 39804 --- [bff-service] [           main] o.apache.catalina.core.StandardEngine    : Starting Servlet engine: [Apache Tomcat/11.0.15]
2026-03-04T23:44:38.604+05:30  INFO 39804 --- [bff-service] [           main] b.w.c.s.WebApplicationContextInitializer : Root WebApplicationContext: initialization completed in 553 ms
2026-03-04T23:44:38.644+05:30 DEBUG 39804 --- [bff-service] [           main] c.c.b.security.JwtAuthenticationFilter   : Filter 'jwtAuthenticationFilter' configured for use
2026-03-04T23:44:38.926+05:30  WARN 39804 --- [bff-service] [           main] .s.a.UserDetailsServiceAutoConfiguration : 

Using generated security password: f3d328ad-1d17-40f7-9cb3-7b1ba84482e0

This generated password is for development use only. Your security configuration must be updated before running your application in production.

2026-03-04T23:44:38.929+05:30  INFO 39804 --- [bff-service] [           main] r$InitializeUserDetailsManagerConfigurer : Global AuthenticationManager configured with UserDetailsService bean with name inMemoryUserDetailsManager
2026-03-04T23:44:39.043+05:30 DEBUG 39804 --- [bff-service] [           main] s.w.s.m.m.a.RequestMappingHandlerMapping : 17 mappings in 'requestMappingHandlerMapping'
2026-03-04T23:44:39.055+05:30 DEBUG 39804 --- [bff-service] [           main] o.s.w.s.handler.SimpleUrlHandlerMapping  : Patterns [/webjars/**, /**] in 'resourceHandlerMapping'
2026-03-04T23:44:39.111+05:30 DEBUG 39804 --- [bff-service] [           main] s.w.s.m.m.a.RequestMappingHandlerAdapter : ControllerAdvice beans: 0 @ModelAttribute, 0 @InitBinder, 2 RequestBodyAdvice, 1 ResponseBodyAdvice
2026-03-04T23:44:39.131+05:30 DEBUG 39804 --- [bff-service] [           main] .m.m.a.ExceptionHandlerExceptionResolver : ControllerAdvice beans: 0 @ExceptionHandler, 1 ResponseBodyAdvice
2026-03-04T23:44:39.181+05:30  INFO 39804 --- [bff-service] [           main] o.s.boot.tomcat.TomcatWebServer          : Tomcat started on port 8080 (http) with context path '/'
2026-03-04T23:44:39.185+05:30  INFO 39804 --- [bff-service] [           main] c.c.bff_service.BffServiceApplication    : Started BffServiceApplication in 1.347 seconds (process running for 1.532)
2026-03-04T23:55:31.759+05:30  INFO 39804 --- [bff-service] [nio-8080-exec-3] o.a.c.c.C.[Tomcat].[localhost].[/]       : Initializing Spring DispatcherServlet 'dispatcherServlet'
2026-03-04T23:55:31.760+05:30  INFO 39804 --- [bff-service] [nio-8080-exec-3] o.s.web.servlet.DispatcherServlet        : Initializing Servlet 'dispatcherServlet'
2026-03-04T23:55:31.760+05:30 DEBUG 39804 --- [bff-service] [nio-8080-exec-3] o.s.web.servlet.DispatcherServlet        : Detected StandardServletMultipartResolver
2026-03-04T23:55:31.761+05:30 DEBUG 39804 --- [bff-service] [nio-8080-exec-3] o.s.web.servlet.DispatcherServlet        : Detected AcceptHeaderLocaleResolver
2026-03-04T23:55:31.766+05:30 DEBUG 39804 --- [bff-service] [nio-8080-exec-3] o.s.web.servlet.DispatcherServlet        : Detected org.springframework.web.servlet.view.DefaultRequestToViewNameTranslator@310617b5
2026-03-04T23:55:31.767+05:30 DEBUG 39804 --- [bff-service] [nio-8080-exec-3] o.s.web.servlet.DispatcherServlet        : Detected org.springframework.web.servlet.support.SessionFlashMapManager@3ac196e8
2026-03-04T23:55:31.767+05:30 DEBUG 39804 --- [bff-service] [nio-8080-exec-3] o.s.web.servlet.DispatcherServlet        : enableLoggingRequestDetails='false': request parameters and headers will be masked to prevent unsafe logging of potentially sensitive data
2026-03-04T23:55:31.767+05:30  INFO 39804 --- [bff-service] [nio-8080-exec-3] o.s.web.servlet.DispatcherServlet        : Completed initialization in 7 ms
2026-03-04T23:55:31.801+05:30 DEBUG 39804 --- [bff-service] [nio-8080-exec-3] o.s.web.cors.DefaultCorsProcessor        : Reject: 'http://0.0.0.0:5173' origin is not allowed
2026-03-04T23:55:44.360+05:30 DEBUG 39804 --- [bff-service] [nio-8080-exec-4] o.s.web.cors.DefaultCorsProcessor        : Reject: 'http://0.0.0.0:5173' origin is not allowed
2026-03-04T23:55:48.793+05:30 DEBUG 39804 --- [bff-service] [nio-8080-exec-5] o.s.web.cors.DefaultCorsProcessor        : Reject: 'http://0.0.0.0:5173' origin is not allowed
2026-03-04T23:55:54.693+05:30 DEBUG 39804 --- [bff-service] [nio-8080-exec-6] o.s.web.cors.DefaultCorsProcessor        : Reject: 'http://0.0.0.0:5173' origin is not allowed
2026-03-04T23:56:03.430+05:30 DEBUG 39804 --- [bff-service] [nio-8080-exec-7] o.s.web.cors.DefaultCorsProcessor        : Reject: 'http://0.0.0.0:5173' origin is not allowed
2026-03-04T23:56:16.442+05:30 DEBUG 39804 --- [bff-service] [nio-8080-exec-8] o.s.web.cors.DefaultCorsProcessor        : Reject: 'http://0.0.0.0:5173' origin is not allowed
2026-03-04T23:56:45.530+05:30 DEBUG 39804 --- [bff-service] [nio-8080-exec-9] o.s.web.cors.DefaultCorsProcessor        : Reject: 'http://0.0.0.0:5173' origin is not allowed
2026-03-04T23:56:46.614+05:30 DEBUG 39804 --- [bff-service] [io-8080-exec-10] o.s.web.cors.DefaultCorsProcessor        : Reject: 'http://0.0.0.0:5173' origin is not allowed
2026-03-04T23:56:48.758+05:30 DEBUG 39804 --- [bff-service] [nio-8080-exec-1] o.s.web.servlet.DispatcherServlet        : POST "/api/auth/register", parameters={}
2026-03-04T23:56:48.765+05:30 DEBUG 39804 --- [bff-service] [nio-8080-exec-1] s.w.s.m.m.a.RequestMappingHandlerMapping : Mapped to com.campus_buddy.bff_service.controller.AuthController#register(String)
2026-03-04T23:56:48.779+05:30 DEBUG 39804 --- [bff-service] [nio-8080-exec-1] m.m.a.RequestResponseBodyMethodProcessor : Read "application/json;charset=UTF-8" to ["{"email":"student@example.com", "password":"password", "role":"STUDENT", "studentId":"12345"}"]
2026-03-04T23:56:48.834+05:30 DEBUG 39804 --- [bff-service] [nio-8080-exec-1] o.s.w.r.f.client.ExchangeFunctions       : [a137427] HTTP POST http://localhost:8081/auth/register
2026-03-04T23:56:48.887+05:30 ERROR 39804 --- [bff-service] [nio-8080-exec-1] i.n.r.d.DnsServerAddressStreamProviders  : Unable to load io.netty.resolver.dns.macos.MacOSDnsServerAddressStreamProvider, fallback to system defaults. This may result in incorrect DNS resolutions on MacOS. Check whether you have a dependency on 'io.netty:netty-resolver-dns-native-macos'. Use DEBUG level to see the full stack: java.lang.UnsatisfiedLinkError: failed to load the required native library
2026-03-04T23:56:48.985+05:30 DEBUG 39804 --- [bff-service] [ctor-http-nio-2] org.springframework.web.HttpLogging      : [a137427] Writing "{"email":"student@example.com", "password":"password", "role":"STUDENT", "studentId":"12345"}"
2026-03-04T23:56:49.553+05:30 DEBUG 39804 --- [bff-service] [ctor-http-nio-2] o.s.w.r.f.client.ExchangeFunctions       : [a137427] [e0daa858-1] Response 409 CONFLICT
2026-03-04T23:56:49.560+05:30 DEBUG 39804 --- [bff-service] [ctor-http-nio-2] org.springframework.web.HttpLogging      : [a137427] [e0daa858-1] Read 142 bytes
2026-03-04T23:56:49.568+05:30 DEBUG 39804 --- [bff-service] [nio-8080-exec-1] o.s.w.s.m.m.a.HttpEntityMethodProcessor  : Found 'Content-Type:application/json' in response
2026-03-04T23:56:49.569+05:30 DEBUG 39804 --- [bff-service] [nio-8080-exec-1] o.s.w.s.m.m.a.HttpEntityMethodProcessor  : Writing ["{"error":"Duplicate Resource","message":"Email already registered: student@example.com","timestamp": (truncated)..."]
2026-03-04T23:56:49.570+05:30 DEBUG 39804 --- [bff-service] [nio-8080-exec-1] o.s.web.servlet.DispatcherServlet        : Completed 409 CONFLICT
2026-03-04T23:57:01.465+05:30 DEBUG 39804 --- [bff-service] [nio-8080-exec-2] o.s.web.cors.DefaultCorsProcessor        : Reject: 'http://0.0.0.0:5173' origin is not allowed
2026-03-04T23:57:01.736+05:30 DEBUG 39804 --- [bff-service] [nio-8080-exec-3] o.s.web.servlet.DispatcherServlet        : POST "/api/auth/login", parameters={}
2026-03-04T23:57:01.736+05:30 DEBUG 39804 --- [bff-service] [nio-8080-exec-3] s.w.s.m.m.a.RequestMappingHandlerMapping : Mapped to com.campus_buddy.bff_service.controller.AuthController#login(String)
2026-03-04T23:57:01.736+05:30 DEBUG 39804 --- [bff-service] [nio-8080-exec-3] m.m.a.RequestResponseBodyMethodProcessor : Read "application/json;charset=UTF-8" to ["{"email":"student@example.com", "password":"password"}"]
2026-03-04T23:57:01.737+05:30 DEBUG 39804 --- [bff-service] [nio-8080-exec-3] o.s.w.r.f.client.ExchangeFunctions       : [1582a25a] HTTP POST http://localhost:8081/auth/login
2026-03-04T23:57:01.737+05:30 DEBUG 39804 --- [bff-service] [ctor-http-nio-2] org.springframework.web.HttpLogging      : [1582a25a] Writing "{"email":"student@example.com", "password":"password"}"
2026-03-04T23:57:02.201+05:30 DEBUG 39804 --- [bff-service] [ctor-http-nio-2] o.s.w.r.f.client.ExchangeFunctions       : [1582a25a] [e0daa858-2] Response 200 OK
2026-03-04T23:57:02.202+05:30 DEBUG 39804 --- [bff-service] [ctor-http-nio-2] org.springframework.web.HttpLogging      : [1582a25a] [e0daa858-2] Decoded "{"email":"student@example.com","role":"STUDENT","token":"eyJhbGciOiJIUzUxMiJ9.eyJzdHVkZW50SWQiOiJTMT (truncated)..."
2026-03-04T23:57:02.202+05:30 DEBUG 39804 --- [bff-service] [nio-8080-exec-3] o.s.w.s.m.m.a.HttpEntityMethodProcessor  : Found 'Content-Type:application/json' in response
2026-03-04T23:57:02.202+05:30 DEBUG 39804 --- [bff-service] [nio-8080-exec-3] o.s.w.s.m.m.a.HttpEntityMethodProcessor  : Writing ["{"email":"student@example.com","role":"STUDENT","token":"eyJhbGciOiJIUzUxMiJ9.eyJzdHVkZW50SWQiOiJTMT (truncated)..."]
2026-03-04T23:57:02.202+05:30 DEBUG 39804 --- [bff-service] [nio-8080-exec-3] o.s.web.servlet.DispatcherServlet        : Completed 200 OK
2026-03-04T23:57:16.416+05:30 DEBUG 39804 --- [bff-service] [nio-8080-exec-5] o.s.web.servlet.DispatcherServlet        : POST "/api/auth/login", parameters={}
2026-03-04T23:57:16.418+05:30 DEBUG 39804 --- [bff-service] [nio-8080-exec-5] s.w.s.m.m.a.RequestMappingHandlerMapping : Mapped to com.campus_buddy.bff_service.controller.AuthController#login(String)
2026-03-04T23:57:16.420+05:30 DEBUG 39804 --- [bff-service] [nio-8080-exec-5] m.m.a.RequestResponseBodyMethodProcessor : Read "application/json;charset=UTF-8" to ["{\"email\":\"student@example.com\", \"password\":\"password\"}"]
2026-03-04T23:57:16.422+05:30 DEBUG 39804 --- [bff-service] [nio-8080-exec-5] o.s.w.r.f.client.ExchangeFunctions       : [2e55a867] HTTP POST http://localhost:8081/auth/login
2026-03-04T23:57:16.423+05:30 DEBUG 39804 --- [bff-service] [ctor-http-nio-2] org.springframework.web.HttpLogging      : [2e55a867] Writing "{\"email\":\"student@example.com\", \"password\":\"password\"}"
2026-03-04T23:57:16.446+05:30 DEBUG 39804 --- [bff-service] [ctor-http-nio-2] o.s.w.r.f.client.ExchangeFunctions       : [2e55a867] [e0daa858-3] Response 500 INTERNAL_SERVER_ERROR
2026-03-04T23:57:16.447+05:30 DEBUG 39804 --- [bff-service] [ctor-http-nio-2] org.springframework.web.HttpLogging      : [2e55a867] [e0daa858-3] Read 128 bytes
2026-03-04T23:57:16.448+05:30 DEBUG 39804 --- [bff-service] [nio-8080-exec-5] o.s.w.s.m.m.a.HttpEntityMethodProcessor  : Found 'Content-Type:application/json' in response
2026-03-04T23:57:16.448+05:30 DEBUG 39804 --- [bff-service] [nio-8080-exec-5] o.s.w.s.m.m.a.HttpEntityMethodProcessor  : Writing ["{"error":"Internal Server Error","message":"An unexpected error occurred","timestamp":"2026-03-04T23 (truncated)..."]
2026-03-04T23:57:16.450+05:30 DEBUG 39804 --- [bff-service] [nio-8080-exec-5] o.s.web.servlet.DispatcherServlet        : Completed 500 INTERNAL_SERVER_ERROR
